17:37:41 INFO  : Registering command handlers for SDK TCF services
17:37:42 INFO  : Launching XSCT server: xsct -n -interactive /home/xe-lpt-47/Documents/Maple/Pre-boarding/DLD/Vivado_Project_simulations/bram_latest/bram_latest/bram_latest.sdk/temp_xsdb_launch_script.tcl
17:37:44 INFO  : XSCT server has started successfully.
17:37:44 INFO  : Successfully done setting XSCT server connection channel  
17:37:44 INFO  : Successfully done setting SDK workspace  
17:37:44 INFO  : Processing command line option -hwspec /home/xe-lpt-47/Documents/Maple/Pre-boarding/DLD/Vivado_Project_simulations/bram_latest/bram_latest/bram_latest.sdk/design_1_wrapper.hdf.
17:39:43 INFO  : Connected to target on host '127.0.0.1' and port '3121'.
17:39:43 INFO  : 'targets -set -filter {jtag_cable_name =~ "Digilent Zybo 210279540236A" && level==0} -index 1' command is executed.
17:39:44 INFO  : FPGA configured successfully with bitstream "/home/xe-lpt-47/Documents/Maple/Pre-boarding/DLD/Vivado_Project_simulations/bram_latest/bram_latest/bram_latest.sdk/design_1_wrapper_hw_platform_0/design_1_wrapper.bit"
17:39:52 INFO  : 'targets -set -filter {jtag_cable_name =~ "Digilent Zybo 210279540236A" && level==0} -index 1' command is executed.
17:39:52 INFO  : 'fpga -state' command is executed.
17:39:52 INFO  : Connected to target on host '127.0.0.1' and port '3121'.
17:39:52 INFO  : Jtag cable 'Digilent Zybo 210279540236A' is selected.
17:39:52 INFO  : 'jtag frequency' command is executed.
17:39:52 INFO  : Sourcing of '/home/xe-lpt-47/Documents/Maple/Pre-boarding/DLD/Vivado_Project_simulations/bram_latest/bram_latest/bram_latest.sdk/design_1_wrapper_hw_platform_0/ps7_init.tcl' is done.
17:39:52 INFO  : Context for 'APU' is selected.
17:39:52 INFO  : Hardware design information is loaded from '/home/xe-lpt-47/Documents/Maple/Pre-boarding/DLD/Vivado_Project_simulations/bram_latest/bram_latest/bram_latest.sdk/design_1_wrapper_hw_platform_0/system.hdf'.
17:39:52 INFO  : 'configparams force-mem-access 1' command is executed.
17:39:52 INFO  : Context for 'APU' is selected.
17:39:52 INFO  : 'stop' command is executed.
17:39:52 INFO  : 'ps7_init' command is executed.
17:39:52 INFO  : 'ps7_post_config' command is executed.
17:39:52 INFO  : Context for processor 'ps7_cortexa9_0' is selected.
17:39:52 INFO  : Processor reset is completed for 'ps7_cortexa9_0'.
17:39:52 INFO  : Context for processor 'ps7_cortexa9_0' is selected.
17:39:52 INFO  : The application '/home/xe-lpt-47/Documents/Maple/Pre-boarding/DLD/Vivado_Project_simulations/bram_latest/bram_latest/bram_latest.sdk/bram_latest_testing/Debug/bram_latest_testing.elf' is downloaded to processor 'ps7_cortexa9_0'.
17:39:52 INFO  : 'configparams force-mem-access 0' command is executed.
17:39:52 INFO  : ----------------XSDB Script----------------
connect -url tcp:127.0.0.1:3121
source /home/xe-lpt-47/Documents/Maple/Pre-boarding/DLD/Vivado_Project_simulations/bram_latest/bram_latest/bram_latest.sdk/design_1_wrapper_hw_platform_0/ps7_init.tcl
targets -set -nocase -filter {name =~"APU*" && jtag_cable_name =~ "Digilent Zybo 210279540236A"} -index 0
loadhw -hw /home/xe-lpt-47/Documents/Maple/Pre-boarding/DLD/Vivado_Project_simulations/bram_latest/bram_latest/bram_latest.sdk/design_1_wrapper_hw_platform_0/system.hdf -mem-ranges [list {0x40000000 0xbfffffff}]
configparams force-mem-access 1
targets -set -nocase -filter {name =~"APU*" && jtag_cable_name =~ "Digilent Zybo 210279540236A"} -index 0
stop
ps7_init
ps7_post_config
targets -set -nocase -filter {name =~ "ARM*#0" && jtag_cable_name =~ "Digilent Zybo 210279540236A"} -index 0
rst -processor
targets -set -nocase -filter {name =~ "ARM*#0" && jtag_cable_name =~ "Digilent Zybo 210279540236A"} -index 0
dow /home/xe-lpt-47/Documents/Maple/Pre-boarding/DLD/Vivado_Project_simulations/bram_latest/bram_latest/bram_latest.sdk/bram_latest_testing/Debug/bram_latest_testing.elf
configparams force-mem-access 0
----------------End of Script----------------

17:39:52 INFO  : Context for processor 'ps7_cortexa9_0' is selected.
17:39:52 INFO  : 'con' command is executed.
17:39:52 INFO  : ----------------XSDB Script (After Launch)----------------
targets -set -nocase -filter {name =~ "ARM*#0" && jtag_cable_name =~ "Digilent Zybo 210279540236A"} -index 0
con
----------------End of Script----------------

17:39:52 INFO  : Disconnected from the channel tcfchan#1.
17:40:02 INFO  : 'targets -set -filter {jtag_cable_name =~ "Digilent Zybo 210279540236A" && level==0} -index 1' command is executed.
17:40:02 INFO  : 'fpga -state' command is executed.
17:40:02 INFO  : Connected to target on host '127.0.0.1' and port '3121'.
17:40:02 INFO  : Jtag cable 'Digilent Zybo 210279540236A' is selected.
17:40:02 INFO  : 'jtag frequency' command is executed.
17:40:02 INFO  : Sourcing of '/home/xe-lpt-47/Documents/Maple/Pre-boarding/DLD/Vivado_Project_simulations/bram_latest/bram_latest/bram_latest.sdk/design_1_wrapper_hw_platform_0/ps7_init.tcl' is done.
17:40:02 INFO  : Context for 'APU' is selected.
17:40:02 INFO  : Hardware design information is loaded from '/home/xe-lpt-47/Documents/Maple/Pre-boarding/DLD/Vivado_Project_simulations/bram_latest/bram_latest/bram_latest.sdk/design_1_wrapper_hw_platform_0/system.hdf'.
17:40:02 INFO  : 'configparams force-mem-access 1' command is executed.
17:40:02 INFO  : Context for 'APU' is selected.
17:40:02 INFO  : 'stop' command is executed.
17:40:02 INFO  : 'ps7_init' command is executed.
17:40:02 INFO  : 'ps7_post_config' command is executed.
17:40:03 INFO  : Context for processor 'ps7_cortexa9_0' is selected.
17:40:03 INFO  : Processor reset is completed for 'ps7_cortexa9_0'.
17:40:03 INFO  : Context for processor 'ps7_cortexa9_0' is selected.
17:40:03 INFO  : The application '/home/xe-lpt-47/Documents/Maple/Pre-boarding/DLD/Vivado_Project_simulations/bram_latest/bram_latest/bram_latest.sdk/bram_latest_testing/Debug/bram_latest_testing.elf' is downloaded to processor 'ps7_cortexa9_0'.
17:40:03 INFO  : 'configparams force-mem-access 0' command is executed.
17:40:03 INFO  : ----------------XSDB Script----------------
connect -url tcp:127.0.0.1:3121
source /home/xe-lpt-47/Documents/Maple/Pre-boarding/DLD/Vivado_Project_simulations/bram_latest/bram_latest/bram_latest.sdk/design_1_wrapper_hw_platform_0/ps7_init.tcl
targets -set -nocase -filter {name =~"APU*" && jtag_cable_name =~ "Digilent Zybo 210279540236A"} -index 0
loadhw -hw /home/xe-lpt-47/Documents/Maple/Pre-boarding/DLD/Vivado_Project_simulations/bram_latest/bram_latest/bram_latest.sdk/design_1_wrapper_hw_platform_0/system.hdf -mem-ranges [list {0x40000000 0xbfffffff}]
configparams force-mem-access 1
targets -set -nocase -filter {name =~"APU*" && jtag_cable_name =~ "Digilent Zybo 210279540236A"} -index 0
stop
ps7_init
ps7_post_config
targets -set -nocase -filter {name =~ "ARM*#0" && jtag_cable_name =~ "Digilent Zybo 210279540236A"} -index 0
rst -processor
targets -set -nocase -filter {name =~ "ARM*#0" && jtag_cable_name =~ "Digilent Zybo 210279540236A"} -index 0
dow /home/xe-lpt-47/Documents/Maple/Pre-boarding/DLD/Vivado_Project_simulations/bram_latest/bram_latest/bram_latest.sdk/bram_latest_testing/Debug/bram_latest_testing.elf
configparams force-mem-access 0
----------------End of Script----------------

17:40:03 INFO  : Context for processor 'ps7_cortexa9_0' is selected.
17:40:03 INFO  : 'con' command is executed.
17:40:03 INFO  : ----------------XSDB Script (After Launch)----------------
targets -set -nocase -filter {name =~ "ARM*#0" && jtag_cable_name =~ "Digilent Zybo 210279540236A"} -index 0
con
----------------End of Script----------------

17:40:03 INFO  : Disconnected from the channel tcfchan#2.
11:19:15 INFO  : 'targets -set -filter {jtag_cable_name =~ "Digilent Zybo 210279540236A" && level==0} -index 1' command is executed.
11:19:15 INFO  : 'fpga -state' command is executed.
11:19:24 INFO  : Connected to target on host '127.0.0.1' and port '3121'.
11:19:24 INFO  : 'targets -set -filter {jtag_cable_name =~ "Digilent Zybo 210279540236A" && level==0} -index 1' command is executed.
11:19:26 INFO  : FPGA configured successfully with bitstream "/home/xe-lpt-47/Documents/Maple/Pre-boarding/DLD/Vivado_Project_simulations/bram_latest/bram_latest/bram_latest.sdk/design_1_wrapper_hw_platform_0/design_1_wrapper.bit"
11:19:31 INFO  : 'targets -set -filter {jtag_cable_name =~ "Digilent Zybo 210279540236A" && level==0} -index 1' command is executed.
11:19:31 INFO  : 'fpga -state' command is executed.
11:19:31 INFO  : Connected to target on host '127.0.0.1' and port '3121'.
11:19:31 INFO  : Jtag cable 'Digilent Zybo 210279540236A' is selected.
11:19:31 INFO  : 'jtag frequency' command is executed.
11:19:31 INFO  : Sourcing of '/home/xe-lpt-47/Documents/Maple/Pre-boarding/DLD/Vivado_Project_simulations/bram_latest/bram_latest/bram_latest.sdk/design_1_wrapper_hw_platform_0/ps7_init.tcl' is done.
11:19:31 INFO  : Context for 'APU' is selected.
11:19:31 INFO  : Hardware design information is loaded from '/home/xe-lpt-47/Documents/Maple/Pre-boarding/DLD/Vivado_Project_simulations/bram_latest/bram_latest/bram_latest.sdk/design_1_wrapper_hw_platform_0/system.hdf'.
11:19:31 INFO  : 'configparams force-mem-access 1' command is executed.
11:19:31 INFO  : Context for 'APU' is selected.
11:19:31 INFO  : 'stop' command is executed.
11:19:32 INFO  : 'ps7_init' command is executed.
11:19:32 INFO  : 'ps7_post_config' command is executed.
11:19:32 INFO  : Context for processor 'ps7_cortexa9_0' is selected.
11:19:32 INFO  : Processor reset is completed for 'ps7_cortexa9_0'.
11:19:32 INFO  : Context for processor 'ps7_cortexa9_0' is selected.
11:19:32 INFO  : The application '/home/xe-lpt-47/Documents/Maple/Pre-boarding/DLD/Vivado_Project_simulations/bram_latest/bram_latest/bram_latest.sdk/bram_latest_testing/Debug/bram_latest_testing.elf' is downloaded to processor 'ps7_cortexa9_0'.
11:19:32 INFO  : 'configparams force-mem-access 0' command is executed.
11:19:32 INFO  : ----------------XSDB Script----------------
connect -url tcp:127.0.0.1:3121
source /home/xe-lpt-47/Documents/Maple/Pre-boarding/DLD/Vivado_Project_simulations/bram_latest/bram_latest/bram_latest.sdk/design_1_wrapper_hw_platform_0/ps7_init.tcl
targets -set -nocase -filter {name =~"APU*" && jtag_cable_name =~ "Digilent Zybo 210279540236A"} -index 0
loadhw -hw /home/xe-lpt-47/Documents/Maple/Pre-boarding/DLD/Vivado_Project_simulations/bram_latest/bram_latest/bram_latest.sdk/design_1_wrapper_hw_platform_0/system.hdf -mem-ranges [list {0x40000000 0xbfffffff}]
configparams force-mem-access 1
targets -set -nocase -filter {name =~"APU*" && jtag_cable_name =~ "Digilent Zybo 210279540236A"} -index 0
stop
ps7_init
ps7_post_config
targets -set -nocase -filter {name =~ "ARM*#0" && jtag_cable_name =~ "Digilent Zybo 210279540236A"} -index 0
rst -processor
targets -set -nocase -filter {name =~ "ARM*#0" && jtag_cable_name =~ "Digilent Zybo 210279540236A"} -index 0
dow /home/xe-lpt-47/Documents/Maple/Pre-boarding/DLD/Vivado_Project_simulations/bram_latest/bram_latest/bram_latest.sdk/bram_latest_testing/Debug/bram_latest_testing.elf
configparams force-mem-access 0
----------------End of Script----------------

11:19:32 INFO  : Context for processor 'ps7_cortexa9_0' is selected.
11:19:32 INFO  : 'con' command is executed.
11:19:32 INFO  : ----------------XSDB Script (After Launch)----------------
targets -set -nocase -filter {name =~ "ARM*#0" && jtag_cable_name =~ "Digilent Zybo 210279540236A"} -index 0
con
----------------End of Script----------------

11:19:32 INFO  : Disconnected from the channel tcfchan#3.
11:19:41 INFO  : 'targets -set -filter {jtag_cable_name =~ "Digilent Zybo 210279540236A" && level==0} -index 1' command is executed.
11:19:41 INFO  : 'fpga -state' command is executed.
11:19:41 INFO  : Connected to target on host '127.0.0.1' and port '3121'.
11:19:41 INFO  : Jtag cable 'Digilent Zybo 210279540236A' is selected.
11:19:41 INFO  : 'jtag frequency' command is executed.
11:19:41 INFO  : Sourcing of '/home/xe-lpt-47/Documents/Maple/Pre-boarding/DLD/Vivado_Project_simulations/bram_latest/bram_latest/bram_latest.sdk/design_1_wrapper_hw_platform_0/ps7_init.tcl' is done.
11:19:41 INFO  : Context for 'APU' is selected.
11:19:41 INFO  : Hardware design information is loaded from '/home/xe-lpt-47/Documents/Maple/Pre-boarding/DLD/Vivado_Project_simulations/bram_latest/bram_latest/bram_latest.sdk/design_1_wrapper_hw_platform_0/system.hdf'.
11:19:41 INFO  : 'configparams force-mem-access 1' command is executed.
11:19:41 INFO  : Context for 'APU' is selected.
11:19:41 INFO  : 'stop' command is executed.
11:19:42 INFO  : 'ps7_init' command is executed.
11:19:42 INFO  : 'ps7_post_config' command is executed.
11:19:42 INFO  : Context for processor 'ps7_cortexa9_0' is selected.
11:19:42 INFO  : Processor reset is completed for 'ps7_cortexa9_0'.
11:19:42 INFO  : Context for processor 'ps7_cortexa9_0' is selected.
11:19:42 INFO  : The application '/home/xe-lpt-47/Documents/Maple/Pre-boarding/DLD/Vivado_Project_simulations/bram_latest/bram_latest/bram_latest.sdk/bram_latest_testing/Debug/bram_latest_testing.elf' is downloaded to processor 'ps7_cortexa9_0'.
11:19:42 INFO  : 'configparams force-mem-access 0' command is executed.
11:19:42 INFO  : ----------------XSDB Script----------------
connect -url tcp:127.0.0.1:3121
source /home/xe-lpt-47/Documents/Maple/Pre-boarding/DLD/Vivado_Project_simulations/bram_latest/bram_latest/bram_latest.sdk/design_1_wrapper_hw_platform_0/ps7_init.tcl
targets -set -nocase -filter {name =~"APU*" && jtag_cable_name =~ "Digilent Zybo 210279540236A"} -index 0
loadhw -hw /home/xe-lpt-47/Documents/Maple/Pre-boarding/DLD/Vivado_Project_simulations/bram_latest/bram_latest/bram_latest.sdk/design_1_wrapper_hw_platform_0/system.hdf -mem-ranges [list {0x40000000 0xbfffffff}]
configparams force-mem-access 1
targets -set -nocase -filter {name =~"APU*" && jtag_cable_name =~ "Digilent Zybo 210279540236A"} -index 0
stop
ps7_init
ps7_post_config
targets -set -nocase -filter {name =~ "ARM*#0" && jtag_cable_name =~ "Digilent Zybo 210279540236A"} -index 0
rst -processor
targets -set -nocase -filter {name =~ "ARM*#0" && jtag_cable_name =~ "Digilent Zybo 210279540236A"} -index 0
dow /home/xe-lpt-47/Documents/Maple/Pre-boarding/DLD/Vivado_Project_simulations/bram_latest/bram_latest/bram_latest.sdk/bram_latest_testing/Debug/bram_latest_testing.elf
configparams force-mem-access 0
----------------End of Script----------------

11:19:42 INFO  : Context for processor 'ps7_cortexa9_0' is selected.
11:19:42 INFO  : 'con' command is executed.
11:19:42 INFO  : ----------------XSDB Script (After Launch)----------------
targets -set -nocase -filter {name =~ "ARM*#0" && jtag_cable_name =~ "Digilent Zybo 210279540236A"} -index 0
con
----------------End of Script----------------

11:19:42 INFO  : Disconnected from the channel tcfchan#4.
11:19:54 INFO  : 'targets -set -filter {jtag_cable_name =~ "Digilent Zybo 210279540236A" && level==0} -index 1' command is executed.
11:19:54 INFO  : 'fpga -state' command is executed.
11:19:54 INFO  : Connected to target on host '127.0.0.1' and port '3121'.
11:19:54 INFO  : Jtag cable 'Digilent Zybo 210279540236A' is selected.
11:19:54 INFO  : 'jtag frequency' command is executed.
11:19:54 INFO  : Sourcing of '/home/xe-lpt-47/Documents/Maple/Pre-boarding/DLD/Vivado_Project_simulations/bram_latest/bram_latest/bram_latest.sdk/design_1_wrapper_hw_platform_0/ps7_init.tcl' is done.
11:19:54 INFO  : Context for 'APU' is selected.
11:19:54 INFO  : Hardware design information is loaded from '/home/xe-lpt-47/Documents/Maple/Pre-boarding/DLD/Vivado_Project_simulations/bram_latest/bram_latest/bram_latest.sdk/design_1_wrapper_hw_platform_0/system.hdf'.
11:19:54 INFO  : 'configparams force-mem-access 1' command is executed.
11:19:54 INFO  : Context for 'APU' is selected.
11:19:54 INFO  : 'stop' command is executed.
11:19:55 INFO  : 'ps7_init' command is executed.
11:19:55 INFO  : 'ps7_post_config' command is executed.
11:19:55 INFO  : Context for processor 'ps7_cortexa9_0' is selected.
11:19:55 INFO  : Processor reset is completed for 'ps7_cortexa9_0'.
11:19:55 INFO  : Context for processor 'ps7_cortexa9_0' is selected.
11:19:55 INFO  : The application '/home/xe-lpt-47/Documents/Maple/Pre-boarding/DLD/Vivado_Project_simulations/bram_latest/bram_latest/bram_latest.sdk/bram_latest_testing/Debug/bram_latest_testing.elf' is downloaded to processor 'ps7_cortexa9_0'.
11:19:55 INFO  : 'configparams force-mem-access 0' command is executed.
11:19:55 INFO  : ----------------XSDB Script----------------
connect -url tcp:127.0.0.1:3121
source /home/xe-lpt-47/Documents/Maple/Pre-boarding/DLD/Vivado_Project_simulations/bram_latest/bram_latest/bram_latest.sdk/design_1_wrapper_hw_platform_0/ps7_init.tcl
targets -set -nocase -filter {name =~"APU*" && jtag_cable_name =~ "Digilent Zybo 210279540236A"} -index 0
loadhw -hw /home/xe-lpt-47/Documents/Maple/Pre-boarding/DLD/Vivado_Project_simulations/bram_latest/bram_latest/bram_latest.sdk/design_1_wrapper_hw_platform_0/system.hdf -mem-ranges [list {0x40000000 0xbfffffff}]
configparams force-mem-access 1
targets -set -nocase -filter {name =~"APU*" && jtag_cable_name =~ "Digilent Zybo 210279540236A"} -index 0
stop
ps7_init
ps7_post_config
targets -set -nocase -filter {name =~ "ARM*#0" && jtag_cable_name =~ "Digilent Zybo 210279540236A"} -index 0
rst -processor
targets -set -nocase -filter {name =~ "ARM*#0" && jtag_cable_name =~ "Digilent Zybo 210279540236A"} -index 0
dow /home/xe-lpt-47/Documents/Maple/Pre-boarding/DLD/Vivado_Project_simulations/bram_latest/bram_latest/bram_latest.sdk/bram_latest_testing/Debug/bram_latest_testing.elf
configparams force-mem-access 0
----------------End of Script----------------

11:19:55 INFO  : Context for processor 'ps7_cortexa9_0' is selected.
11:19:55 INFO  : 'con' command is executed.
11:19:55 INFO  : ----------------XSDB Script (After Launch)----------------
targets -set -nocase -filter {name =~ "ARM*#0" && jtag_cable_name =~ "Digilent Zybo 210279540236A"} -index 0
con
----------------End of Script----------------

11:19:55 INFO  : Disconnected from the channel tcfchan#5.
15:44:03 INFO  : Registering command handlers for SDK TCF services
15:44:04 INFO  : Launching XSCT server: xsct -n -interactive /home/xe-lpt-47/Documents/Maple/Pre-boarding/DLD/Vivado_Project_simulations/bram_latest/bram_latest/bram_latest.sdk/temp_xsdb_launch_script.tcl
15:44:06 INFO  : XSCT server has started successfully.
15:44:06 INFO  : Successfully done setting XSCT server connection channel  
15:44:06 INFO  : Successfully done setting SDK workspace  
15:44:06 INFO  : Processing command line option -hwspec /home/xe-lpt-47/Documents/Maple/Pre-boarding/DLD/Vivado_Project_simulations/bram_latest/bram_latest/bram_latest.sdk/design_1_wrapper.hdf.
15:44:06 INFO  : Checking for hwspec changes in the project design_1_wrapper_hw_platform_0.
17:00:20 INFO  : Registering command handlers for SDK TCF services
17:00:21 INFO  : Launching XSCT server: xsct -n -interactive /home/xe-lpt-47/Documents/Maple/Pre-boarding/DLD/Vivado_Project_simulations/bram_latest/bram_latest/bram_latest.sdk/temp_xsdb_launch_script.tcl
17:00:23 INFO  : XSCT server has started successfully.
17:00:23 INFO  : Successfully done setting XSCT server connection channel  
17:00:23 INFO  : Successfully done setting SDK workspace  
17:00:23 INFO  : Processing command line option -hwspec /home/xe-lpt-47/Documents/Maple/Pre-boarding/DLD/Vivado_Project_simulations/bram_latest/bram_latest/bram_latest.sdk/design_1_wrapper.hdf.
17:00:23 INFO  : Checking for hwspec changes in the project design_1_wrapper_hw_platform_0.
11:06:16 INFO  : Registering command handlers for SDK TCF services
11:06:16 INFO  : Launching XSCT server: xsct -n -interactive /home/xe-lpt-47/Documents/Maple/Pre-boarding/DLD/Vivado_Project_simulations/bram_latest_for_tcl/bram_latest/bram_latest.sdk/temp_xsdb_launch_script.tcl
11:06:17 INFO  : XSCT server has started successfully.
11:06:17 INFO  : Successfully done setting XSCT server connection channel  
11:06:17 INFO  : Successfully done setting SDK workspace  
11:06:17 INFO  : Processing command line option -hwspec /home/xe-lpt-47/Documents/Maple/Pre-boarding/DLD/Vivado_Project_simulations/bram_latest_for_tcl/bram_latest/bram_latest.sdk/design_1_wrapper.hdf.
12:41:15 INFO  : Registering command handlers for SDK TCF services
12:41:15 INFO  : Launching XSCT server: xsct -n -interactive /home/xe-lpt-47/Documents/Maple/Pre-boarding/DLD/Vivado_Project_simulations/tcl_project_bram/SDK/temp_xsdb_launch_script.tcl
12:41:17 INFO  : XSCT server has started successfully.
12:41:18 INFO  : Successfully done setting XSCT server connection channel  
12:41:18 INFO  : Successfully done setting SDK workspace  
12:41:18 INFO  : Processing command line option -hwspec /home/xe-lpt-47/Documents/Maple/Pre-boarding/DLD/Vivado_Project_simulations/tcl_project_bram/SDK/design_1_wrapper.hdf.
