#-----------------------------------------------------------
# Webtalk v2018.2 (64-bit)
# SW Build 2258646 on Thu Jun 14 20:02:38 MDT 2018
# 
# Start of session at: Wed May 22 13:02:57 2024
# Process ID: 27768
# Current directory: /home/xe-lpt-47/Documents/Maple/Pre-boarding/DLD/Vivado_Project_simulations/tcl_project_bram/SDK/webtalk
# Command line: wbtcv -mode batch -source sdk_webtalk.tcl
# Log file: /home/xe-lpt-47/Documents/Maple/Pre-boarding/DLD/Vivado_Project_simulations/tcl_project_bram/SDK/webtalk/webtalk.log
# Journal file: /home/xe-lpt-47/Documents/Maple/Pre-boarding/DLD/Vivado_Project_simulations/tcl_project_bram/SDK/webtalk/webtalk.jou
#-----------------------------------------------------------
source sdk_webtalk.tcl
# webtalk_init -webtalk_dir /home/xe-lpt-47/Documents/Maple/Pre-boarding/DLD/Vivado_Project_simulations/tcl_project_bram/SDK/webtalk
# webtalk_register_client -client project
# webtalk_add_data -client project -key date_generated -value "2024-05-22 13:02:56" -context "software_version_and_target_device"
# webtalk_add_data -client project -key product_version -value "SDK v2018.2" -context "software_version_and_target_device"
# webtalk_add_data -client project -key build_version -value "2018.2" -context "software_version_and_target_device"
# webtalk_add_data -client project -key os_platform -value "amd64" -context "software_version_and_target_device"
# webtalk_add_data -client project -key registration_id -value "" -context "software_version_and_target_device"
# webtalk_add_data -client project -key tool_flow -value "SDK" -context "software_version_and_target_device"
# webtalk_add_data -client project -key beta -value "false" -context "software_version_and_target_device"
# webtalk_add_data -client project -key route_design -value "NA" -context "software_version_and_target_device"
# webtalk_add_data -client project -key target_family -value "NA" -context "software_version_and_target_device"
# webtalk_add_data -client project -key target_device -value "NA" -context "software_version_and_target_device"
# webtalk_add_data -client project -key target_package -value "NA" -context "software_version_and_target_device"
# webtalk_add_data -client project -key target_speed -value "NA" -context "software_version_and_target_device"
# webtalk_add_data -client project -key random_id -value "b7urjn08s34cgv5dauam1eiuvv" -context "software_version_and_target_device"
# webtalk_add_data -client project -key project_id -value "2018.2_19" -context "software_version_and_target_device"
# webtalk_add_data -client project -key project_iteration -value "19" -context "software_version_and_target_device"
# webtalk_add_data -client project -key os_name -value "Ubuntu" -context "user_environment"
# webtalk_add_data -client project -key os_release -value "Ubuntu 20.04.6 LTS" -context "user_environment"
# webtalk_add_data -client project -key cpu_name -value "11th Gen Intel(R) Core(TM) i3-1115G4 @ 3.00GHz" -context "user_environment"
# webtalk_add_data -client project -key cpu_speed -value "3000.000 MHz" -context "user_environment"
# webtalk_add_data -client project -key total_processors -value "1" -context "user_environment"
# webtalk_add_data -client project -key system_ram -value "12.327 GB" -context "user_environment"
# webtalk_register_client -client sdk
# webtalk_add_data -client sdk -key uid -value "1716363681000" -context "sdk\\\\hardware/1716363681000"
# webtalk_add_data -client sdk -key isZynq -value "true" -context "sdk\\\\hardware/1716363681000"
# webtalk_add_data -client sdk -key isZynqMP -value "false" -context "sdk\\\\hardware/1716363681000"
# webtalk_add_data -client sdk -key Processors -value "2" -context "sdk\\\\hardware/1716363681000"
# webtalk_add_data -client sdk -key VivadoVersion -value "2018.2" -context "sdk\\\\hardware/1716363681000"
# webtalk_add_data -client sdk -key Arch -value "zynq" -context "sdk\\\\hardware/1716363681000"
# webtalk_add_data -client sdk -key Device -value "7z010" -context "sdk\\\\hardware/1716363681000"
# webtalk_add_data -client sdk -key IsHandoff -value "true" -context "sdk\\\\hardware/1716363681000"
# webtalk_add_data -client sdk -key os -value "NA" -context "sdk\\\\hardware/1716363681000"
# webtalk_add_data -client sdk -key apptemplate -value "NA" -context "sdk\\\\hardware/1716363681000"
# webtalk_add_data -client sdk -key RecordType -value "HWCreation" -context "sdk\\\\hardware/1716363681000"
# webtalk_add_data -client sdk -key uid -value "NA" -context "sdk\\\\bsp/1716364976808"
# webtalk_add_data -client sdk -key RecordType -value "ToolUsage" -context "sdk\\\\bsp/1716364976808"
# webtalk_add_data -client sdk -key BootgenCount -value "0" -context "sdk\\\\bsp/1716364976808"
# webtalk_add_data -client sdk -key DebugCount -value "0" -context "sdk\\\\bsp/1716364976808"
# webtalk_add_data -client sdk -key PerfCount -value "0" -context "sdk\\\\bsp/1716364976808"
# webtalk_add_data -client sdk -key FlashCount -value "0" -context "sdk\\\\bsp/1716364976808"
# webtalk_add_data -client sdk -key CrossTriggCount -value "0" -context "sdk\\\\bsp/1716364976808"
# webtalk_add_data -client sdk -key QemuDebugCount -value "0" -context "sdk\\\\bsp/1716364976808"
# webtalk_transmit -clientid 1083397960 -regid "" -xml /home/xe-lpt-47/Documents/Maple/Pre-boarding/DLD/Vivado_Project_simulations/tcl_project_bram/SDK/webtalk/usage_statistics_ext_sdk.xml -html /home/xe-lpt-47/Documents/Maple/Pre-boarding/DLD/Vivado_Project_simulations/tcl_project_bram/SDK/webtalk/usage_statistics_ext_sdk.html -wdm /home/xe-lpt-47/Documents/Maple/Pre-boarding/DLD/Vivado_Project_simulations/tcl_project_bram/SDK/webtalk/sdk_webtalk.wdm -intro "<H3>SDK Usage Report</H3><BR>"
# webtalk_terminate
INFO: [Common 17-206] Exiting Webtalk at Wed May 22 13:02:58 2024...
